<?xml version="1.0" encoding="UTF-8"?>
<!-- Generated by org.testng.reporters.JUnitXMLReporter -->
<testsuite hostname="KSK" ignored="0" name="Test" tests="6" failures="0" timestamp="01 Jun 2020 16:43:32 GMT" time="0.219" errors="0">
  <testcase name="deleteTwitter" time="0.016" classname="hellomaven.RestAPITest"/>
  <testcase name="postjira" time="0.003" classname="hellomaven.RestAPITest"/>
  <testcase name="browserAutomation" time="0.002" classname="hellomaven.seleniumTest"/>
  <testcase name="elementsUI" time="0.002" classname="hellomaven.seleniumTest"/>
  <testcase name="IOSApps" time="0.003" classname="hellomaven.AppiumTest"/>
  <testcase name="nativeAppAndroid" time="0.002" classname="hellomaven.AppiumTest"/>
</testsuite> <!-- Test -->
