<?xml version="1.0" encoding="UTF-8"?>
<!-- Generated by org.testng.reporters.JUnitXMLReporter -->
<testsuite hostname="KSK" ignored="0" name="Test" tests="4" failures="0" timestamp="04 Jul 2020 14:06:11 GMT" time="0.084" errors="0">
  <testcase name="deleteTwitter" time="0.012" classname="hellomaven.RestAPITest"/>
  <testcase name="postjira" time="0.0" classname="hellomaven.RestAPITest"/>
  <testcase name="browserAutomation" time="0.0" classname="hellomaven.seleniumTest"/>
  <testcase name="elementsUI" time="0.0" classname="hellomaven.seleniumTest"/>
</testsuite> <!-- Test -->
