<?xml version="1.0" encoding="UTF-8"?>
<testng-results skipped="0" failed="0" ignored="0" total="4" passed="4">
  <reporter-output>
  </reporter-output>
  <suite name="Suite" duration-ms="84" started-at="2020-07-04T14:06:11Z" finished-at="2020-07-04T14:06:11Z">
    <groups>
    </groups>
    <test name="Test" duration-ms="84" started-at="2020-07-04T14:06:11Z" finished-at="2020-07-04T14:06:11Z">
      <class name="hellomaven.RestAPITest">
        <test-method status="PASS" signature="deleteTwitter()[pri:0, instance:hellomaven.RestAPITest@69d9c55]" name="deleteTwitter" duration-ms="12" started-at="2020-07-04T14:06:11Z" finished-at="2020-07-04T14:06:11Z">
          <reporter-output>
          </reporter-output>
        </test-method> <!-- deleteTwitter -->
        <test-method status="PASS" signature="postjira()[pri:0, instance:hellomaven.RestAPITest@69d9c55]" name="postjira" duration-ms="0" started-at="2020-07-04T14:06:11Z" finished-at="2020-07-04T14:06:11Z">
          <reporter-output>
          </reporter-output>
        </test-method> <!-- postjira -->
      </class> <!-- hellomaven.RestAPITest -->
      <class name="hellomaven.seleniumTest">
        <test-method status="PASS" signature="elementsUI()[pri:0, instance:hellomaven.seleniumTest@337d0578]" name="elementsUI" duration-ms="0" started-at="2020-07-04T14:06:11Z" finished-at="2020-07-04T14:06:11Z">
          <reporter-output>
          </reporter-output>
        </test-method> <!-- elementsUI -->
        <test-method status="PASS" signature="browserAutomation()[pri:0, instance:hellomaven.seleniumTest@337d0578]" name="browserAutomation" duration-ms="0" started-at="2020-07-04T14:06:11Z" finished-at="2020-07-04T14:06:11Z">
          <reporter-output>
          </reporter-output>
        </test-method> <!-- browserAutomation -->
      </class> <!-- hellomaven.seleniumTest -->
    </test> <!-- Test -->
  </suite> <!-- Suite -->
</testng-results>
