<?xml version="1.0" encoding="UTF-8"?>
<testsuite xmlns:xsi="http://www.w3.org/2001/XMLSchema-instance" xsi:noNamespaceSchemaLocation="https://maven.apache.org/surefire/maven-surefire-plugin/xsd/surefire-test-report-3.0.xsd" version="3.0" name="TestSuite" time="2.071" tests="4" errors="0" skipped="0" failures="0">
  <properties>
[...]
</properties>
  <testcase name="deleteTwitter" classname="hellomaven.RestAPITest" time="0.012"/>
  <testcase name="postjira" classname="hellomaven.RestAPITest" time="0"/>
  <testcase name="browserAutomation" classname="hellomaven.seleniumTest" time="0"/>
  <testcase name="elementsUI" classname="hellomaven.seleniumTest" time="0"/>
</testsuite>